<?xml version="1.0" encoding="UTF-8"?>
<!-- Generated by org.testng.reporters.JUnitReportReporter -->
<testsuite skipped="0" hostname="INBANRAMASEGO01" name="com.gtn.qa.TestCases.Test123" tests="1" failures="0" timestamp="22 Sep 2021 13:24:53 GMT" time="57.537" errors="0">
  <testcase name="test456" time="57.537" classname="com.gtn.qa.TestCases.Test123"/>
</testsuite> <!-- com.gtn.qa.TestCases.Test123 -->
