<?xml version="1.0" encoding="UTF-8"?>
<!-- Generated by org.testng.reporters.JUnitReportReporter -->
<testsuite skipped="0" hostname="INBANRAMASEGO01" name="com.gtn.qa.TestCases.JobDetailPageTestCase" tests="2" failures="0" timestamp="2021-10-02T15:47:32 IST" time="62.159" errors="0">
  <testcase name="gtnLogoTest" time="26.946" classname="com.gtn.qa.TestCases.JobDetailPageTestCase"/>
  <system-out/>
  <testcase name="tmoJobUploadDetailpageTest" time="35.213" classname="com.gtn.qa.TestCases.JobDetailPageTestCase"/>
  <system-out/>
</testsuite> <!-- com.gtn.qa.TestCases.JobDetailPageTestCase -->
