<?xml version="1.0" encoding="UTF-8"?>
<!-- Generated by org.testng.reporters.JUnitReportReporter -->
<testsuite skipped="0" hostname="INBANRAMASEGO01" name="com.gtn.qa.TestCases.JobDetailPageTestCase" tests="2" failures="0" timestamp="2021-10-03T01:55:03 IST" time="38.827" errors="0">
  <testcase name="titleTest" time="20.833" classname="com.gtn.qa.TestCases.JobDetailPageTestCase"/>
  <system-out/>
  <testcase name="gtnLogoTest" time="17.994" classname="com.gtn.qa.TestCases.JobDetailPageTestCase"/>
  <system-out/>
</testsuite> <!-- com.gtn.qa.TestCases.JobDetailPageTestCase -->
