<?xml version="1.0" encoding="UTF-8"?>
<!-- Generated by org.testng.reporters.JUnitReportReporter -->
<testsuite skipped="0" hostname="INBANRAMASEGO01" name="com.gtn.qa.TestCases.JobListPageTestCase" tests="3" failures="0" timestamp="2021-10-02T15:47:32 IST" time="53.257" errors="0">
  <testcase name="titleTest" time="16.799" classname="com.gtn.qa.TestCases.JobListPageTestCase"/>
  <system-out/>
  <testcase name="gtnLogoTest" time="12.050" classname="com.gtn.qa.TestCases.JobListPageTestCase"/>
  <system-out/>
  <testcase name="tmoJobUploadDetailpageTest" time="24.408" classname="com.gtn.qa.TestCases.JobListPageTestCase"/>
  <system-out/>
</testsuite> <!-- com.gtn.qa.TestCases.JobListPageTestCase -->
