<?xml version="1.0" encoding="UTF-8"?>
<!-- Generated by org.testng.reporters.JUnitReportReporter -->
<testsuite skipped="0" hostname="INBANRAMASEGO01" name="com.gtn.qa.TestCases.JobListPageTestCase" tests="2" failures="0" timestamp="2021-10-03T01:55:03 IST" time="24.686" errors="0">
  <testcase name="titleTest" time="10.561" classname="com.gtn.qa.TestCases.JobListPageTestCase"/>
  <system-out/>
  <testcase name="gtnLogoTest" time="14.125" classname="com.gtn.qa.TestCases.JobListPageTestCase"/>
  <system-out/>
</testsuite> <!-- com.gtn.qa.TestCases.JobListPageTestCase -->
